2017/02/14 09:54:33 INFO  - jmeter.util.JMeterUtils: Setting Locale to en_US 
2017/02/14 09:54:33 INFO  - jmeter.JMeter: Loading user properties from: /usr/local/Cellar/jmeter/3.1/libexec/bin/user.properties 
2017/02/14 09:54:33 INFO  - jmeter.JMeter: Loading system properties from: /usr/local/Cellar/jmeter/3.1/libexec/bin/system.properties 
2017/02/14 09:54:33 INFO  - jmeter.JMeter: Copyright (c) 1998-2016 The Apache Software Foundation 
2017/02/14 09:54:33 INFO  - jmeter.JMeter: Version 3.1 r1770033 
2017/02/14 09:54:33 INFO  - jmeter.JMeter: java.version=1.8.0_111 
2017/02/14 09:54:33 INFO  - jmeter.JMeter: java.vm.name=Java HotSpot(TM) 64-Bit Server VM 
2017/02/14 09:54:33 INFO  - jmeter.JMeter: os.name=Mac OS X 
2017/02/14 09:54:33 INFO  - jmeter.JMeter: os.arch=x86_64 
2017/02/14 09:54:33 INFO  - jmeter.JMeter: os.version=10.12.3 
2017/02/14 09:54:33 INFO  - jmeter.JMeter: file.encoding=UTF-8 
2017/02/14 09:54:33 INFO  - jmeter.JMeter: Max memory     =514850816 
2017/02/14 09:54:33 INFO  - jmeter.JMeter: Available Processors =8 
2017/02/14 09:54:33 INFO  - jmeter.JMeter: Default Locale=English (United States) 
2017/02/14 09:54:33 INFO  - jmeter.JMeter: JMeter  Locale=English (United States) 
2017/02/14 09:54:33 INFO  - jmeter.JMeter: JMeterHome=/usr/local/Cellar/jmeter/3.1/libexec 
2017/02/14 09:54:33 INFO  - jmeter.JMeter: user.dir  =/Users/rubcuadra/Code/QATC3045_1 
2017/02/14 09:54:33 INFO  - jmeter.JMeter: PWD       =/Users/rubcuadra/Code/QATC3045_1 
2017/02/14 09:54:33 INFO  - jmeter.JMeter: IP: 10.49.85.183 Name: Uc4n770uch7h15 FullName: 10.49.85.183 
2017/02/14 09:54:34 INFO  - jmeter.gui.action.LookAndFeelCommand: Using look and feel: com.apple.laf.AquaLookAndFeel [Mac OS X, System] 
2017/02/14 09:54:34 INFO  - jmeter.JMeter: Loaded icon properties from org/apache/jmeter/images/icon.properties 
2017/02/14 09:54:37 INFO  - jmeter.engine.util.CompoundVariable: Note: Function class names must contain the string: '.functions.' 
2017/02/14 09:54:37 INFO  - jmeter.engine.util.CompoundVariable: Note: Function class names must not contain the string: '.gui.' 
2017/02/14 09:54:38 INFO  - org.jmeterplugins.repository.PluginManager: Plugins Status: [jmeter-ftp=3.1, jmeter-http=3.1, jmeter-jdbc=3.1, jmeter-jms=3.1, jmeter-monitors=3.1, jmeter-core=3.1, jmeter-junit=3.1, jmeter-java=3.1, jmeter-ldap=3.1, jmeter-mail=3.1, jmeter-mongodb=3.1, jmeter-native=3.1, jpgc-plugins-manager=0.11, ssh-sampler=1.1.1-SNAPSHOT, jmeter-tcp=3.1, jmeter-components=3.1] 
2017/02/14 09:54:38 INFO  - jmeter.gui.util.MenuFactory: Skipping org.apache.jmeter.assertions.BSFAssertion 
2017/02/14 09:54:39 INFO  - jmeter.gui.util.MenuFactory: Skipping org.apache.jmeter.extractor.BSFPostProcessor 
2017/02/14 09:54:39 INFO  - jmeter.gui.util.MenuFactory: Skipping org.apache.jmeter.modifiers.BSFPreProcessor 
2017/02/14 09:54:39 INFO  - jmeter.protocol.http.sampler.HTTPSamplerBase: Parser for text/html is org.apache.jmeter.protocol.http.parser.LagartoBasedHtmlParser 
2017/02/14 09:54:39 INFO  - jmeter.protocol.http.sampler.HTTPSamplerBase: Parser for application/xhtml+xml is org.apache.jmeter.protocol.http.parser.LagartoBasedHtmlParser 
2017/02/14 09:54:39 INFO  - jmeter.protocol.http.sampler.HTTPSamplerBase: Parser for application/xml is org.apache.jmeter.protocol.http.parser.LagartoBasedHtmlParser 
2017/02/14 09:54:39 INFO  - jmeter.protocol.http.sampler.HTTPSamplerBase: Parser for text/xml is org.apache.jmeter.protocol.http.parser.LagartoBasedHtmlParser 
2017/02/14 09:54:39 INFO  - jmeter.protocol.http.sampler.HTTPSamplerBase: Parser for text/vnd.wap.wml is org.apache.jmeter.protocol.http.parser.RegexpHTMLParser 
2017/02/14 09:54:39 INFO  - jmeter.protocol.http.sampler.HTTPSamplerBase: Parser for text/css is org.apache.jmeter.protocol.http.parser.CssParser 
2017/02/14 09:54:39 INFO  - jorphan.exec.KeyToolUtils: keytool found at 'keytool' 
2017/02/14 09:54:39 INFO  - jmeter.protocol.http.proxy.ProxyControl: HTTP(S) Test Script Recorder SSL Proxy will use keys that support embedded 3rd party resources in file /usr/local/Cellar/jmeter/3.1/libexec/bin/proxyserver.jks 
2017/02/14 09:54:39 INFO  - jmeter.gui.util.MenuFactory: Skipping org.apache.jmeter.protocol.java.sampler.BSFSampler 
2017/02/14 09:54:39 INFO  - jmeter.gui.util.MenuFactory: Skipping org.apache.jmeter.protocol.mongodb.config.MongoSourceElement 
2017/02/14 09:54:39 INFO  - jmeter.gui.util.MenuFactory: Skipping org.apache.jmeter.protocol.mongodb.sampler.MongoScriptSampler 
2017/02/14 09:54:40 INFO  - jmeter.gui.util.MenuFactory: Skipping org.apache.jmeter.timers.BSFTimer 
2017/02/14 09:54:40 INFO  - jmeter.gui.util.MenuFactory: Skipping org.apache.jmeter.visualizers.BSFListener 
2017/02/14 09:54:40 INFO  - jmeter.gui.util.MenuFactory: Skipping org.apache.jmeter.visualizers.MonitorHealthVisualizer 
2017/02/14 09:54:40 INFO  - jmeter.samplers.SampleResult: Note: Sample TimeStamps are START times 
2017/02/14 09:54:40 INFO  - jmeter.samplers.SampleResult: sampleresult.default.encoding is set to ISO-8859-1 
2017/02/14 09:54:40 INFO  - jmeter.samplers.SampleResult: sampleresult.useNanoTime=true 
2017/02/14 09:54:40 INFO  - jmeter.samplers.SampleResult: sampleresult.nanoThreadSleep=5000 
2017/02/14 09:54:51 INFO  - jmeter.services.FileServer: Default base='/Users/rubcuadra/Code/QATC3045_1' 
2017/02/14 09:54:51 INFO  - jmeter.gui.action.Load: Loading file: /Users/rubcuadra/Code/QATC3045_1/Jmeter/JDBC.jmx 
2017/02/14 09:54:51 INFO  - jmeter.services.FileServer: Set new base='/Users/rubcuadra/Code/QATC3045_1/Jmeter' 
2017/02/14 09:54:51 INFO  - jmeter.save.SaveService: Testplan (JMX) version: 2.2. Testlog (JTL) version: 2.2 
2017/02/14 09:54:51 INFO  - jmeter.save.SaveService: Using SaveService properties file encoding UTF-8 
2017/02/14 09:54:51 INFO  - jmeter.save.SaveService: Using SaveService properties version 3.1 
2017/02/14 09:54:51 INFO  - jmeter.save.SaveService: All converter versions present and correct 
2017/02/14 09:54:51 INFO  - jmeter.save.SaveService: Loading file: /Users/rubcuadra/Code/QATC3045_1/Jmeter/JDBC.jmx 
2017/02/14 09:54:51 INFO  - jmeter.services.FileServer: Set new base='/Users/rubcuadra/Code/QATC3045_1/Jmeter' 
2017/02/14 09:55:29 INFO  - jmeter.engine.StandardJMeterEngine: Running the test! 
2017/02/14 09:55:29 INFO  - jmeter.samplers.SampleEvent: List of sample_variables: [] 
2017/02/14 09:55:29 INFO  - jmeter.samplers.SampleEvent: List of sample_variables: [] 
2017/02/14 09:55:29 INFO  - jmeter.gui.util.JMeterMenuBar: setRunning(true,*local*) 
2017/02/14 09:55:29 INFO  - jmeter.engine.StandardJMeterEngine: Starting ThreadGroup: 1 : Thread Group 
2017/02/14 09:55:29 INFO  - jmeter.engine.StandardJMeterEngine: Starting 15 threads for group Thread Group. 
2017/02/14 09:55:29 INFO  - jmeter.engine.StandardJMeterEngine: Thread will continue on error 
2017/02/14 09:55:29 INFO  - jmeter.threads.ThreadGroup: Starting thread group number 1 threads 15 ramp-up 5 perThread 333.33334 delayedStart=false 
2017/02/14 09:55:29 INFO  - jmeter.threads.JMeterThread: Thread started: Thread Group 1-1 
2017/02/14 09:55:29 INFO  - jmeter.threads.ThreadGroup: Started thread group number 1 
2017/02/14 09:55:29 INFO  - jmeter.engine.StandardJMeterEngine: All thread groups have been started 
2017/02/14 09:55:29 INFO  - jmeter.threads.JMeterThread: Thread started: Thread Group 1-2 
2017/02/14 09:55:30 INFO  - jmeter.threads.JMeterThread: Thread started: Thread Group 1-3 
2017/02/14 09:55:30 INFO  - jmeter.threads.JMeterThread: Thread started: Thread Group 1-4 
2017/02/14 09:55:30 INFO  - jmeter.threads.JMeterThread: Thread started: Thread Group 1-5 
2017/02/14 09:55:31 INFO  - jmeter.threads.JMeterThread: Thread started: Thread Group 1-6 
2017/02/14 09:55:31 INFO  - jmeter.threads.JMeterThread: Thread started: Thread Group 1-7 
2017/02/14 09:55:31 INFO  - jmeter.threads.JMeterThread: Thread started: Thread Group 1-8 
2017/02/14 09:55:32 INFO  - jmeter.threads.JMeterThread: Thread started: Thread Group 1-9 
2017/02/14 09:55:32 INFO  - jmeter.threads.JMeterThread: Thread started: Thread Group 1-10 
2017/02/14 09:55:32 INFO  - jmeter.threads.JMeterThread: Thread started: Thread Group 1-11 
2017/02/14 09:55:33 INFO  - jmeter.threads.JMeterThread: Thread started: Thread Group 1-12 
2017/02/14 09:55:33 INFO  - jmeter.threads.JMeterThread: Thread started: Thread Group 1-13 
2017/02/14 09:55:33 INFO  - jmeter.threads.JMeterThread: Thread started: Thread Group 1-14 
2017/02/14 09:55:34 INFO  - jmeter.threads.JMeterThread: Thread started: Thread Group 1-15 
2017/02/14 09:55:42 INFO  - jmeter.threads.JMeterThread: Thread is done: Thread Group 1-12 
2017/02/14 09:55:42 INFO  - jmeter.threads.JMeterThread: Thread finished: Thread Group 1-12 
2017/02/14 09:55:42 INFO  - jmeter.threads.JMeterThread: Thread is done: Thread Group 1-15 
2017/02/14 09:55:42 INFO  - jmeter.threads.JMeterThread: Thread finished: Thread Group 1-15 
2017/02/14 09:55:42 INFO  - jmeter.threads.JMeterThread: Thread is done: Thread Group 1-1 
2017/02/14 09:55:42 INFO  - jmeter.threads.JMeterThread: Thread finished: Thread Group 1-1 
2017/02/14 09:55:42 INFO  - jmeter.threads.JMeterThread: Thread is done: Thread Group 1-11 
2017/02/14 09:55:42 INFO  - jmeter.threads.JMeterThread: Thread finished: Thread Group 1-11 
2017/02/14 09:55:42 INFO  - jmeter.threads.JMeterThread: Thread is done: Thread Group 1-8 
2017/02/14 09:55:42 INFO  - jmeter.threads.JMeterThread: Thread is done: Thread Group 1-13 
2017/02/14 09:55:42 INFO  - jmeter.threads.JMeterThread: Thread finished: Thread Group 1-8 
2017/02/14 09:55:42 INFO  - jmeter.threads.JMeterThread: Thread finished: Thread Group 1-13 
2017/02/14 09:55:42 INFO  - jmeter.threads.JMeterThread: Thread is done: Thread Group 1-7 
2017/02/14 09:55:42 INFO  - jmeter.threads.JMeterThread: Thread finished: Thread Group 1-7 
2017/02/14 09:55:42 INFO  - jmeter.threads.JMeterThread: Thread is done: Thread Group 1-4 
2017/02/14 09:55:42 INFO  - jmeter.threads.JMeterThread: Thread is done: Thread Group 1-9 
2017/02/14 09:55:42 INFO  - jmeter.threads.JMeterThread: Thread finished: Thread Group 1-4 
2017/02/14 09:55:42 INFO  - jmeter.threads.JMeterThread: Thread finished: Thread Group 1-9 
2017/02/14 09:55:42 INFO  - jmeter.threads.JMeterThread: Thread is done: Thread Group 1-3 
2017/02/14 09:55:42 INFO  - jmeter.threads.JMeterThread: Thread is done: Thread Group 1-6 
2017/02/14 09:55:42 INFO  - jmeter.threads.JMeterThread: Thread finished: Thread Group 1-6 
2017/02/14 09:55:42 INFO  - jmeter.threads.JMeterThread: Thread is done: Thread Group 1-10 
2017/02/14 09:55:42 INFO  - jmeter.threads.JMeterThread: Thread finished: Thread Group 1-3 
2017/02/14 09:55:42 INFO  - jmeter.threads.JMeterThread: Thread finished: Thread Group 1-10 
2017/02/14 09:55:42 INFO  - jmeter.threads.JMeterThread: Thread is done: Thread Group 1-14 
2017/02/14 09:55:42 INFO  - jmeter.threads.JMeterThread: Thread finished: Thread Group 1-14 
2017/02/14 09:55:42 INFO  - jmeter.threads.JMeterThread: Thread is done: Thread Group 1-5 
2017/02/14 09:55:42 INFO  - jmeter.threads.JMeterThread: Thread is done: Thread Group 1-2 
2017/02/14 09:55:42 INFO  - jmeter.threads.JMeterThread: Thread finished: Thread Group 1-5 
2017/02/14 09:55:42 INFO  - jmeter.threads.JMeterThread: Thread finished: Thread Group 1-2 
2017/02/14 09:55:42 INFO  - jmeter.engine.StandardJMeterEngine: Notifying test listeners of end of test 
2017/02/14 09:55:42 INFO  - jmeter.gui.util.JMeterMenuBar: setRunning(false,*local*) 
2017/02/14 09:56:14 INFO  - jmeter.engine.StandardJMeterEngine: Running the test! 
2017/02/14 09:56:14 INFO  - jmeter.samplers.SampleEvent: List of sample_variables: [] 
2017/02/14 09:56:14 INFO  - jmeter.gui.util.JMeterMenuBar: setRunning(true,*local*) 
2017/02/14 09:56:14 INFO  - jmeter.engine.StandardJMeterEngine: Starting ThreadGroup: 1 : Thread Group 
2017/02/14 09:56:14 INFO  - jmeter.engine.StandardJMeterEngine: Starting 15 threads for group Thread Group. 
2017/02/14 09:56:14 INFO  - jmeter.engine.StandardJMeterEngine: Thread will continue on error 
2017/02/14 09:56:14 INFO  - jmeter.threads.ThreadGroup: Starting thread group number 1 threads 15 ramp-up 5 perThread 333.33334 delayedStart=false 
2017/02/14 09:56:14 INFO  - jmeter.threads.JMeterThread: Thread started: Thread Group 1-1 
2017/02/14 09:56:14 INFO  - jmeter.threads.ThreadGroup: Started thread group number 1 
2017/02/14 09:56:14 INFO  - jmeter.engine.StandardJMeterEngine: All thread groups have been started 
2017/02/14 09:56:14 INFO  - jmeter.threads.JMeterThread: Thread started: Thread Group 1-2 
2017/02/14 09:56:14 INFO  - jmeter.threads.JMeterThread: Thread started: Thread Group 1-3 
2017/02/14 09:56:15 INFO  - jmeter.threads.JMeterThread: Thread started: Thread Group 1-4 
2017/02/14 09:56:15 INFO  - jmeter.threads.JMeterThread: Thread started: Thread Group 1-5 
2017/02/14 09:56:15 INFO  - jmeter.threads.JMeterThread: Thread started: Thread Group 1-6 
2017/02/14 09:56:16 INFO  - jmeter.threads.JMeterThread: Thread started: Thread Group 1-7 
2017/02/14 09:56:16 INFO  - jmeter.threads.JMeterThread: Thread started: Thread Group 1-8 
2017/02/14 09:56:16 INFO  - jmeter.threads.JMeterThread: Thread started: Thread Group 1-9 
2017/02/14 09:56:17 INFO  - jmeter.threads.JMeterThread: Thread started: Thread Group 1-10 
2017/02/14 09:56:17 INFO  - jmeter.threads.JMeterThread: Thread started: Thread Group 1-11 
2017/02/14 09:56:17 INFO  - jmeter.threads.JMeterThread: Thread started: Thread Group 1-12 
2017/02/14 09:56:18 INFO  - jmeter.threads.JMeterThread: Thread started: Thread Group 1-13 
2017/02/14 09:56:18 INFO  - jmeter.threads.JMeterThread: Thread started: Thread Group 1-14 
2017/02/14 09:56:18 INFO  - jmeter.threads.JMeterThread: Thread started: Thread Group 1-15 
2017/02/14 09:56:26 INFO  - jmeter.threads.JMeterThread: Thread is done: Thread Group 1-7 
2017/02/14 09:56:26 INFO  - jmeter.threads.JMeterThread: Thread is done: Thread Group 1-13 
2017/02/14 09:56:26 INFO  - jmeter.threads.JMeterThread: Thread is done: Thread Group 1-12 
2017/02/14 09:56:26 INFO  - jmeter.threads.JMeterThread: Thread finished: Thread Group 1-13 
2017/02/14 09:56:26 INFO  - jmeter.threads.JMeterThread: Thread finished: Thread Group 1-7 
2017/02/14 09:56:26 INFO  - jmeter.threads.JMeterThread: Thread finished: Thread Group 1-12 
2017/02/14 09:56:26 INFO  - jmeter.threads.JMeterThread: Thread is done: Thread Group 1-8 
2017/02/14 09:56:26 INFO  - jmeter.threads.JMeterThread: Thread finished: Thread Group 1-8 
2017/02/14 09:56:27 INFO  - jmeter.threads.JMeterThread: Thread is done: Thread Group 1-14 
2017/02/14 09:56:27 INFO  - jmeter.threads.JMeterThread: Thread is done: Thread Group 1-10 
2017/02/14 09:56:27 INFO  - jmeter.threads.JMeterThread: Thread is done: Thread Group 1-11 
2017/02/14 09:56:27 INFO  - jmeter.threads.JMeterThread: Thread is done: Thread Group 1-5 
2017/02/14 09:56:27 INFO  - jmeter.threads.JMeterThread: Thread finished: Thread Group 1-14 
2017/02/14 09:56:27 INFO  - jmeter.threads.JMeterThread: Thread is done: Thread Group 1-15 
2017/02/14 09:56:27 INFO  - jmeter.threads.JMeterThread: Thread is done: Thread Group 1-1 
2017/02/14 09:56:27 INFO  - jmeter.threads.JMeterThread: Thread finished: Thread Group 1-15 
2017/02/14 09:56:27 INFO  - jmeter.threads.JMeterThread: Thread finished: Thread Group 1-5 
2017/02/14 09:56:27 INFO  - jmeter.threads.JMeterThread: Thread finished: Thread Group 1-10 
2017/02/14 09:56:27 INFO  - jmeter.threads.JMeterThread: Thread finished: Thread Group 1-11 
2017/02/14 09:56:27 INFO  - jmeter.threads.JMeterThread: Thread finished: Thread Group 1-1 
2017/02/14 09:56:27 INFO  - jmeter.threads.JMeterThread: Thread is done: Thread Group 1-6 
2017/02/14 09:56:27 INFO  - jmeter.threads.JMeterThread: Thread is done: Thread Group 1-4 
2017/02/14 09:56:27 INFO  - jmeter.threads.JMeterThread: Thread finished: Thread Group 1-6 
2017/02/14 09:56:27 INFO  - jmeter.threads.JMeterThread: Thread finished: Thread Group 1-4 
2017/02/14 09:56:27 INFO  - jmeter.threads.JMeterThread: Thread is done: Thread Group 1-2 
2017/02/14 09:56:27 INFO  - jmeter.threads.JMeterThread: Thread finished: Thread Group 1-2 
2017/02/14 09:56:27 INFO  - jmeter.threads.JMeterThread: Thread is done: Thread Group 1-9 
2017/02/14 09:56:27 INFO  - jmeter.threads.JMeterThread: Thread finished: Thread Group 1-9 
2017/02/14 09:56:27 INFO  - jmeter.threads.JMeterThread: Thread is done: Thread Group 1-3 
2017/02/14 09:56:27 INFO  - jmeter.threads.JMeterThread: Thread finished: Thread Group 1-3 
2017/02/14 09:56:27 INFO  - jmeter.engine.StandardJMeterEngine: Notifying test listeners of end of test 
2017/02/14 09:56:27 INFO  - jmeter.gui.util.JMeterMenuBar: setRunning(false,*local*) 
