2017/03/03 08:30:48 INFO  - jmeter.util.JMeterUtils: Setting Locale to en_US 
2017/03/03 08:30:48 INFO  - jmeter.JMeter: Loading user properties from: /usr/local/Cellar/jmeter/3.1/libexec/bin/user.properties 
2017/03/03 08:30:48 INFO  - jmeter.JMeter: Loading system properties from: /usr/local/Cellar/jmeter/3.1/libexec/bin/system.properties 
2017/03/03 08:30:48 INFO  - jmeter.JMeter: Copyright (c) 1998-2016 The Apache Software Foundation 
2017/03/03 08:30:48 INFO  - jmeter.JMeter: Version 3.1 r1770033 
2017/03/03 08:30:48 INFO  - jmeter.JMeter: java.version=1.8.0_111 
2017/03/03 08:30:48 INFO  - jmeter.JMeter: java.vm.name=Java HotSpot(TM) 64-Bit Server VM 
2017/03/03 08:30:48 INFO  - jmeter.JMeter: os.name=Mac OS X 
2017/03/03 08:30:48 INFO  - jmeter.JMeter: os.arch=x86_64 
2017/03/03 08:30:48 INFO  - jmeter.JMeter: os.version=10.12.3 
2017/03/03 08:30:48 INFO  - jmeter.JMeter: file.encoding=UTF-8 
2017/03/03 08:30:48 INFO  - jmeter.JMeter: Max memory     =514850816 
2017/03/03 08:30:48 INFO  - jmeter.JMeter: Available Processors =8 
2017/03/03 08:30:48 INFO  - jmeter.JMeter: Default Locale=English (United States) 
2017/03/03 08:30:48 INFO  - jmeter.JMeter: JMeter  Locale=English (United States) 
2017/03/03 08:30:48 INFO  - jmeter.JMeter: JMeterHome=/usr/local/Cellar/jmeter/3.1/libexec 
2017/03/03 08:30:48 INFO  - jmeter.JMeter: user.dir  =/Users/rubcuadra/Code/QATC3045_1/Jmeter 
2017/03/03 08:30:48 INFO  - jmeter.JMeter: PWD       =/Users/rubcuadra/Code/QATC3045_1/Jmeter 
2017/03/03 08:30:48 INFO  - jmeter.JMeter: IP: 10.49.94.100 Name: Uc4n770uch7h15 FullName: 10.49.94.100 
2017/03/03 08:30:49 INFO  - jmeter.gui.action.LookAndFeelCommand: Using look and feel: com.apple.laf.AquaLookAndFeel [Mac OS X, System] 
2017/03/03 08:30:49 INFO  - jmeter.JMeter: Loaded icon properties from org/apache/jmeter/images/icon.properties 
2017/03/03 08:30:51 INFO  - jmeter.engine.util.CompoundVariable: Note: Function class names must contain the string: '.functions.' 
2017/03/03 08:30:51 INFO  - jmeter.engine.util.CompoundVariable: Note: Function class names must not contain the string: '.gui.' 
2017/03/03 08:30:52 INFO  - org.jmeterplugins.repository.PluginManager: Plugins Status: [jmeter-ftp=3.1, jmeter-http=3.1, jmeter-jdbc=3.1, jmeter-jms=3.1, jmeter-monitors=3.1, jmeter-core=3.1, jpgc-json=2.6, jmeter-junit=3.1, jmeter-java=3.1, jmeter-ldap=3.1, jmeter-mail=3.1, jmeter-mongodb=3.1, jmeter-native=3.1, jpgc-plugins-manager=0.11, ssh-sampler=1.1.1-SNAPSHOT, jmeter-tcp=3.1, jmeter-components=3.1] 
2017/03/03 08:30:52 INFO  - jmeter.gui.util.MenuFactory: Skipping org.apache.jmeter.assertions.BSFAssertion 
2017/03/03 08:30:53 INFO  - jmeter.gui.util.MenuFactory: Skipping org.apache.jmeter.extractor.BSFPostProcessor 
2017/03/03 08:30:53 INFO  - jmeter.gui.util.MenuFactory: Skipping org.apache.jmeter.modifiers.BSFPreProcessor 
2017/03/03 08:30:53 INFO  - jmeter.protocol.http.sampler.HTTPSamplerBase: Parser for text/html is org.apache.jmeter.protocol.http.parser.LagartoBasedHtmlParser 
2017/03/03 08:30:53 INFO  - jmeter.protocol.http.sampler.HTTPSamplerBase: Parser for application/xhtml+xml is org.apache.jmeter.protocol.http.parser.LagartoBasedHtmlParser 
2017/03/03 08:30:53 INFO  - jmeter.protocol.http.sampler.HTTPSamplerBase: Parser for application/xml is org.apache.jmeter.protocol.http.parser.LagartoBasedHtmlParser 
2017/03/03 08:30:53 INFO  - jmeter.protocol.http.sampler.HTTPSamplerBase: Parser for text/xml is org.apache.jmeter.protocol.http.parser.LagartoBasedHtmlParser 
2017/03/03 08:30:53 INFO  - jmeter.protocol.http.sampler.HTTPSamplerBase: Parser for text/vnd.wap.wml is org.apache.jmeter.protocol.http.parser.RegexpHTMLParser 
2017/03/03 08:30:53 INFO  - jmeter.protocol.http.sampler.HTTPSamplerBase: Parser for text/css is org.apache.jmeter.protocol.http.parser.CssParser 
2017/03/03 08:30:53 INFO  - jorphan.exec.KeyToolUtils: keytool found at 'keytool' 
2017/03/03 08:30:53 INFO  - jmeter.protocol.http.proxy.ProxyControl: HTTP(S) Test Script Recorder SSL Proxy will use keys that support embedded 3rd party resources in file /usr/local/Cellar/jmeter/3.1/libexec/bin/proxyserver.jks 
2017/03/03 08:30:53 INFO  - jmeter.gui.util.MenuFactory: Skipping org.apache.jmeter.protocol.java.sampler.BSFSampler 
2017/03/03 08:30:53 INFO  - jmeter.gui.util.MenuFactory: Skipping org.apache.jmeter.protocol.mongodb.config.MongoSourceElement 
2017/03/03 08:30:53 INFO  - jmeter.gui.util.MenuFactory: Skipping org.apache.jmeter.protocol.mongodb.sampler.MongoScriptSampler 
2017/03/03 08:30:53 INFO  - jmeter.gui.util.MenuFactory: Skipping org.apache.jmeter.timers.BSFTimer 
2017/03/03 08:30:53 INFO  - jmeter.gui.util.MenuFactory: Skipping org.apache.jmeter.visualizers.BSFListener 
2017/03/03 08:30:53 INFO  - jmeter.gui.util.MenuFactory: Skipping org.apache.jmeter.visualizers.MonitorHealthVisualizer 
2017/03/03 08:30:53 INFO  - jmeter.samplers.SampleResult: Note: Sample TimeStamps are START times 
2017/03/03 08:30:53 INFO  - jmeter.samplers.SampleResult: sampleresult.default.encoding is set to ISO-8859-1 
2017/03/03 08:30:53 INFO  - jmeter.samplers.SampleResult: sampleresult.useNanoTime=true 
2017/03/03 08:30:53 INFO  - jmeter.samplers.SampleResult: sampleresult.nanoThreadSleep=5000 
2017/03/03 08:30:59 INFO  - jmeter.services.FileServer: Default base='/Users/rubcuadra/Code/QATC3045_1/Jmeter' 
2017/03/03 08:30:59 INFO  - jmeter.gui.action.Load: Loading file: /Users/rubcuadra/Code/QATC3045_1/Jmeter/act2.jmx 
2017/03/03 08:30:59 INFO  - jmeter.services.FileServer: Set new base='/Users/rubcuadra/Code/QATC3045_1/Jmeter' 
2017/03/03 08:30:59 INFO  - jmeter.save.SaveService: Testplan (JMX) version: 2.2. Testlog (JTL) version: 2.2 
2017/03/03 08:30:59 INFO  - jmeter.save.SaveService: Using SaveService properties file encoding UTF-8 
2017/03/03 08:30:59 INFO  - jmeter.save.SaveService: Using SaveService properties version 3.1 
2017/03/03 08:30:59 INFO  - jmeter.save.SaveService: All converter versions present and correct 
2017/03/03 08:30:59 INFO  - jmeter.save.SaveService: Loading file: /Users/rubcuadra/Code/QATC3045_1/Jmeter/act2.jmx 
2017/03/03 08:30:59 INFO  - jmeter.services.FileServer: Set new base='/Users/rubcuadra/Code/QATC3045_1/Jmeter' 
2017/03/03 08:31:01 INFO  - jmeter.engine.StandardJMeterEngine: Running the test! 
2017/03/03 08:31:01 INFO  - jmeter.samplers.SampleEvent: List of sample_variables: [] 
2017/03/03 08:31:01 INFO  - jmeter.samplers.SampleEvent: List of sample_variables: [] 
2017/03/03 08:31:01 INFO  - jmeter.gui.util.JMeterMenuBar: setRunning(true,*local*) 
2017/03/03 08:31:01 INFO  - jmeter.engine.StandardJMeterEngine: Starting ThreadGroup: 1 : Thread Group 
2017/03/03 08:31:01 INFO  - jmeter.engine.StandardJMeterEngine: Starting 5 threads for group Thread Group. 
2017/03/03 08:31:01 INFO  - jmeter.engine.StandardJMeterEngine: Thread will continue on error 
2017/03/03 08:31:01 INFO  - jmeter.threads.ThreadGroup: Starting thread group number 1 threads 5 ramp-up 1 perThread 200.0 delayedStart=false 
2017/03/03 08:31:01 INFO  - jmeter.threads.JMeterThread: Thread started: Thread Group 1-1 
2017/03/03 08:31:01 INFO  - jmeter.protocol.http.sampler.HTTPHCAbstractImpl: Local host = Uc4n770uch7h15 
2017/03/03 08:31:01 INFO  - jmeter.protocol.http.sampler.HTTPHC4Impl: HTTP request retry count = 0 
2017/03/03 08:31:01 INFO  - jmeter.threads.ThreadGroup: Started thread group number 1 
2017/03/03 08:31:01 INFO  - jmeter.engine.StandardJMeterEngine: All thread groups have been started 
2017/03/03 08:31:02 INFO  - jmeter.threads.JMeterThread: Thread started: Thread Group 1-2 
2017/03/03 08:31:02 INFO  - jmeter.threads.JMeterThread: Thread is done: Thread Group 1-1 
2017/03/03 08:31:02 INFO  - jmeter.threads.JMeterThread: Thread finished: Thread Group 1-1 
2017/03/03 08:31:02 INFO  - jmeter.threads.JMeterThread: Thread started: Thread Group 1-3 
2017/03/03 08:31:02 INFO  - jmeter.threads.JMeterThread: Thread is done: Thread Group 1-2 
2017/03/03 08:31:02 INFO  - jmeter.threads.JMeterThread: Thread finished: Thread Group 1-2 
2017/03/03 08:31:02 INFO  - jmeter.threads.JMeterThread: Thread is done: Thread Group 1-3 
2017/03/03 08:31:02 INFO  - jmeter.threads.JMeterThread: Thread finished: Thread Group 1-3 
2017/03/03 08:31:02 INFO  - jmeter.threads.JMeterThread: Thread started: Thread Group 1-4 
2017/03/03 08:31:02 INFO  - jmeter.threads.JMeterThread: Thread is done: Thread Group 1-4 
2017/03/03 08:31:02 INFO  - jmeter.threads.JMeterThread: Thread finished: Thread Group 1-4 
2017/03/03 08:31:02 INFO  - jmeter.threads.JMeterThread: Thread started: Thread Group 1-5 
2017/03/03 08:31:02 INFO  - jmeter.threads.JMeterThread: Thread is done: Thread Group 1-5 
2017/03/03 08:31:02 INFO  - jmeter.threads.JMeterThread: Thread finished: Thread Group 1-5 
2017/03/03 08:31:02 INFO  - jmeter.engine.StandardJMeterEngine: Notifying test listeners of end of test 
2017/03/03 08:31:02 INFO  - jmeter.gui.util.JMeterMenuBar: setRunning(false,*local*) 
2017/03/03 08:34:57 INFO  - jmeter.engine.StandardJMeterEngine: Running the test! 
2017/03/03 08:34:57 INFO  - jmeter.samplers.SampleEvent: List of sample_variables: [] 
2017/03/03 08:34:57 INFO  - jmeter.gui.util.JMeterMenuBar: setRunning(true,*local*) 
2017/03/03 08:34:57 INFO  - jmeter.engine.StandardJMeterEngine: Starting ThreadGroup: 1 : Thread Group 
2017/03/03 08:34:57 INFO  - jmeter.engine.StandardJMeterEngine: Starting 5 threads for group Thread Group. 
2017/03/03 08:34:57 INFO  - jmeter.engine.StandardJMeterEngine: Thread will continue on error 
2017/03/03 08:34:57 INFO  - jmeter.threads.ThreadGroup: Starting thread group number 1 threads 5 ramp-up 1 perThread 200.0 delayedStart=false 
2017/03/03 08:34:57 INFO  - jmeter.threads.JMeterThread: Thread started: Thread Group 1-1 
2017/03/03 08:34:57 INFO  - jmeter.threads.ThreadGroup: Started thread group number 1 
2017/03/03 08:34:57 INFO  - jmeter.engine.StandardJMeterEngine: All thread groups have been started 
2017/03/03 08:34:57 INFO  - jmeter.threads.JMeterThread: Thread started: Thread Group 1-2 
2017/03/03 08:34:57 INFO  - jmeter.threads.JMeterThread: Thread is done: Thread Group 1-1 
2017/03/03 08:34:57 INFO  - jmeter.threads.JMeterThread: Thread finished: Thread Group 1-1 
2017/03/03 08:34:57 INFO  - jmeter.threads.JMeterThread: Thread started: Thread Group 1-3 
2017/03/03 08:34:57 INFO  - jmeter.threads.JMeterThread: Thread is done: Thread Group 1-2 
2017/03/03 08:34:57 INFO  - jmeter.threads.JMeterThread: Thread finished: Thread Group 1-2 
2017/03/03 08:34:58 INFO  - jmeter.threads.JMeterThread: Thread is done: Thread Group 1-3 
2017/03/03 08:34:58 INFO  - jmeter.threads.JMeterThread: Thread finished: Thread Group 1-3 
2017/03/03 08:34:58 INFO  - jmeter.threads.JMeterThread: Thread started: Thread Group 1-4 
2017/03/03 08:34:58 INFO  - jmeter.threads.JMeterThread: Thread started: Thread Group 1-5 
2017/03/03 08:34:58 INFO  - jmeter.threads.JMeterThread: Thread is done: Thread Group 1-4 
2017/03/03 08:34:58 INFO  - jmeter.threads.JMeterThread: Thread finished: Thread Group 1-4 
2017/03/03 08:34:58 INFO  - jmeter.threads.JMeterThread: Thread is done: Thread Group 1-5 
2017/03/03 08:34:58 INFO  - jmeter.threads.JMeterThread: Thread finished: Thread Group 1-5 
2017/03/03 08:34:58 INFO  - jmeter.engine.StandardJMeterEngine: Notifying test listeners of end of test 
2017/03/03 08:34:58 INFO  - jmeter.gui.util.JMeterMenuBar: setRunning(false,*local*) 
2017/03/03 08:36:17 INFO  - jmeter.engine.StandardJMeterEngine: Running the test! 
2017/03/03 08:36:17 INFO  - jmeter.samplers.SampleEvent: List of sample_variables: [] 
2017/03/03 08:36:17 INFO  - jmeter.gui.util.JMeterMenuBar: setRunning(true,*local*) 
2017/03/03 08:36:17 INFO  - jmeter.engine.StandardJMeterEngine: Starting ThreadGroup: 1 : Thread Group 
2017/03/03 08:36:17 INFO  - jmeter.engine.StandardJMeterEngine: Starting 5 threads for group Thread Group. 
2017/03/03 08:36:17 INFO  - jmeter.engine.StandardJMeterEngine: Thread will continue on error 
2017/03/03 08:36:17 INFO  - jmeter.threads.ThreadGroup: Starting thread group number 1 threads 5 ramp-up 1 perThread 200.0 delayedStart=false 
2017/03/03 08:36:17 INFO  - jmeter.threads.JMeterThread: Thread started: Thread Group 1-1 
2017/03/03 08:36:17 INFO  - jmeter.threads.ThreadGroup: Started thread group number 1 
2017/03/03 08:36:17 INFO  - jmeter.engine.StandardJMeterEngine: All thread groups have been started 
2017/03/03 08:36:18 INFO  - jmeter.threads.JMeterThread: Thread started: Thread Group 1-2 
2017/03/03 08:36:18 INFO  - jmeter.threads.JMeterThread: Thread is done: Thread Group 1-1 
2017/03/03 08:36:18 INFO  - jmeter.threads.JMeterThread: Thread finished: Thread Group 1-1 
2017/03/03 08:36:18 INFO  - jmeter.threads.JMeterThread: Thread started: Thread Group 1-3 
2017/03/03 08:36:18 INFO  - jmeter.threads.JMeterThread: Thread is done: Thread Group 1-2 
2017/03/03 08:36:18 INFO  - jmeter.threads.JMeterThread: Thread finished: Thread Group 1-2 
2017/03/03 08:36:18 INFO  - jmeter.threads.JMeterThread: Thread is done: Thread Group 1-3 
2017/03/03 08:36:18 INFO  - jmeter.threads.JMeterThread: Thread finished: Thread Group 1-3 
2017/03/03 08:36:18 INFO  - jmeter.threads.JMeterThread: Thread started: Thread Group 1-4 
2017/03/03 08:36:18 INFO  - jmeter.threads.JMeterThread: Thread is done: Thread Group 1-4 
2017/03/03 08:36:18 INFO  - jmeter.threads.JMeterThread: Thread finished: Thread Group 1-4 
2017/03/03 08:36:18 INFO  - jmeter.threads.JMeterThread: Thread started: Thread Group 1-5 
2017/03/03 08:36:18 INFO  - jmeter.threads.JMeterThread: Thread is done: Thread Group 1-5 
2017/03/03 08:36:18 INFO  - jmeter.threads.JMeterThread: Thread finished: Thread Group 1-5 
2017/03/03 08:36:18 INFO  - jmeter.engine.StandardJMeterEngine: Notifying test listeners of end of test 
2017/03/03 08:36:18 INFO  - jmeter.gui.util.JMeterMenuBar: setRunning(false,*local*) 
2017/03/03 08:37:24 INFO  - jmeter.engine.StandardJMeterEngine: Running the test! 
2017/03/03 08:37:24 INFO  - jmeter.samplers.SampleEvent: List of sample_variables: [] 
2017/03/03 08:37:24 INFO  - jmeter.gui.util.JMeterMenuBar: setRunning(true,*local*) 
2017/03/03 08:37:24 INFO  - jmeter.engine.StandardJMeterEngine: Starting ThreadGroup: 1 : Thread Group 
2017/03/03 08:37:24 INFO  - jmeter.engine.StandardJMeterEngine: Starting 5 threads for group Thread Group. 
2017/03/03 08:37:24 INFO  - jmeter.engine.StandardJMeterEngine: Thread will continue on error 
2017/03/03 08:37:24 INFO  - jmeter.threads.ThreadGroup: Starting thread group number 1 threads 5 ramp-up 1 perThread 200.0 delayedStart=false 
2017/03/03 08:37:24 INFO  - jmeter.threads.JMeterThread: Thread started: Thread Group 1-1 
2017/03/03 08:37:24 INFO  - jmeter.threads.ThreadGroup: Started thread group number 1 
2017/03/03 08:37:24 INFO  - jmeter.engine.StandardJMeterEngine: All thread groups have been started 
2017/03/03 08:37:24 INFO  - jmeter.threads.JMeterThread: Thread started: Thread Group 1-2 
2017/03/03 08:37:24 INFO  - jmeter.threads.JMeterThread: Thread is done: Thread Group 1-1 
2017/03/03 08:37:24 INFO  - jmeter.threads.JMeterThread: Thread finished: Thread Group 1-1 
2017/03/03 08:37:25 INFO  - jmeter.threads.JMeterThread: Thread is done: Thread Group 1-2 
2017/03/03 08:37:25 INFO  - jmeter.threads.JMeterThread: Thread finished: Thread Group 1-2 
2017/03/03 08:37:25 INFO  - jmeter.threads.JMeterThread: Thread started: Thread Group 1-3 
2017/03/03 08:37:25 INFO  - jmeter.threads.JMeterThread: Thread is done: Thread Group 1-3 
2017/03/03 08:37:25 INFO  - jmeter.threads.JMeterThread: Thread finished: Thread Group 1-3 
2017/03/03 08:37:25 INFO  - jmeter.threads.JMeterThread: Thread started: Thread Group 1-4 
2017/03/03 08:37:25 INFO  - jmeter.threads.JMeterThread: Thread is done: Thread Group 1-4 
2017/03/03 08:37:25 INFO  - jmeter.threads.JMeterThread: Thread finished: Thread Group 1-4 
2017/03/03 08:37:25 INFO  - jmeter.threads.JMeterThread: Thread started: Thread Group 1-5 
2017/03/03 08:37:25 INFO  - jmeter.threads.JMeterThread: Thread is done: Thread Group 1-5 
2017/03/03 08:37:25 INFO  - jmeter.threads.JMeterThread: Thread finished: Thread Group 1-5 
2017/03/03 08:37:25 INFO  - jmeter.engine.StandardJMeterEngine: Notifying test listeners of end of test 
2017/03/03 08:37:25 INFO  - jmeter.gui.util.JMeterMenuBar: setRunning(false,*local*) 
2017/03/03 08:41:10 INFO  - jmeter.engine.StandardJMeterEngine: Running the test! 
2017/03/03 08:41:10 INFO  - jmeter.samplers.SampleEvent: List of sample_variables: [] 
2017/03/03 08:41:10 INFO  - jmeter.gui.util.JMeterMenuBar: setRunning(true,*local*) 
2017/03/03 08:41:10 INFO  - jmeter.engine.StandardJMeterEngine: Starting ThreadGroup: 1 : Thread Group 
2017/03/03 08:41:10 INFO  - jmeter.engine.StandardJMeterEngine: Starting 1 threads for group Thread Group. 
2017/03/03 08:41:10 INFO  - jmeter.engine.StandardJMeterEngine: Thread will continue on error 
2017/03/03 08:41:10 INFO  - jmeter.threads.ThreadGroup: Starting thread group number 1 threads 1 ramp-up 1 perThread 1000.0 delayedStart=false 
2017/03/03 08:41:10 INFO  - jmeter.threads.ThreadGroup: Started thread group number 1 
2017/03/03 08:41:10 INFO  - jmeter.engine.StandardJMeterEngine: Starting ThreadGroup: 2 : Thread Group 
2017/03/03 08:41:10 INFO  - jmeter.engine.StandardJMeterEngine: Starting 1 threads for group Thread Group. 
2017/03/03 08:41:10 INFO  - jmeter.engine.StandardJMeterEngine: Thread will continue on error 
2017/03/03 08:41:10 INFO  - jmeter.threads.ThreadGroup: Starting thread group number 2 threads 1 ramp-up 1 perThread 1000.0 delayedStart=false 
2017/03/03 08:41:10 INFO  - jmeter.threads.JMeterThread: Thread started: Thread Group 1-1 
2017/03/03 08:41:10 INFO  - jmeter.threads.ThreadGroup: Started thread group number 2 
2017/03/03 08:41:10 INFO  - jmeter.engine.StandardJMeterEngine: All thread groups have been started 
2017/03/03 08:41:10 INFO  - jmeter.threads.JMeterThread: Thread started: Thread Group 2-1 
2017/03/03 08:41:10 INFO  - jmeter.threads.JMeterThread: Thread is done: Thread Group 2-1 
2017/03/03 08:41:10 INFO  - jmeter.threads.JMeterThread: Thread finished: Thread Group 2-1 
2017/03/03 08:41:11 INFO  - jmeter.threads.JMeterThread: Thread is done: Thread Group 1-1 
2017/03/03 08:41:11 INFO  - jmeter.threads.JMeterThread: Thread finished: Thread Group 1-1 
2017/03/03 08:41:11 INFO  - jmeter.engine.StandardJMeterEngine: Notifying test listeners of end of test 
2017/03/03 08:41:11 INFO  - jmeter.gui.util.JMeterMenuBar: setRunning(false,*local*) 
2017/03/03 08:41:25 INFO  - jmeter.engine.StandardJMeterEngine: Running the test! 
2017/03/03 08:41:25 INFO  - jmeter.samplers.SampleEvent: List of sample_variables: [] 
2017/03/03 08:41:25 INFO  - jmeter.gui.util.JMeterMenuBar: setRunning(true,*local*) 
2017/03/03 08:41:25 INFO  - jmeter.engine.StandardJMeterEngine: Starting ThreadGroup: 1 : Thread Group 
2017/03/03 08:41:25 INFO  - jmeter.engine.StandardJMeterEngine: Starting 1 threads for group Thread Group. 
2017/03/03 08:41:25 INFO  - jmeter.engine.StandardJMeterEngine: Thread will continue on error 
2017/03/03 08:41:25 INFO  - jmeter.threads.ThreadGroup: Starting thread group number 1 threads 1 ramp-up 1 perThread 1000.0 delayedStart=false 
2017/03/03 08:41:25 INFO  - jmeter.threads.ThreadGroup: Started thread group number 1 
2017/03/03 08:41:25 INFO  - jmeter.engine.StandardJMeterEngine: Starting ThreadGroup: 2 : Thread Group 
2017/03/03 08:41:25 INFO  - jmeter.engine.StandardJMeterEngine: Starting 5 threads for group Thread Group. 
2017/03/03 08:41:25 INFO  - jmeter.engine.StandardJMeterEngine: Thread will continue on error 
2017/03/03 08:41:25 INFO  - jmeter.threads.ThreadGroup: Starting thread group number 2 threads 5 ramp-up 1 perThread 200.0 delayedStart=false 
2017/03/03 08:41:25 INFO  - jmeter.threads.JMeterThread: Thread started: Thread Group 1-1 
2017/03/03 08:41:25 INFO  - jmeter.threads.JMeterThread: Thread started: Thread Group 2-1 
2017/03/03 08:41:25 INFO  - jmeter.threads.JMeterThread: Thread is done: Thread Group 2-1 
2017/03/03 08:41:25 INFO  - jmeter.threads.JMeterThread: Thread finished: Thread Group 2-1 
2017/03/03 08:41:25 INFO  - jmeter.threads.ThreadGroup: Started thread group number 2 
2017/03/03 08:41:25 INFO  - jmeter.engine.StandardJMeterEngine: All thread groups have been started 
2017/03/03 08:41:25 INFO  - jmeter.threads.JMeterThread: Thread started: Thread Group 2-2 
2017/03/03 08:41:25 INFO  - jmeter.threads.JMeterThread: Thread is done: Thread Group 2-2 
2017/03/03 08:41:25 INFO  - jmeter.threads.JMeterThread: Thread finished: Thread Group 2-2 
2017/03/03 08:41:25 INFO  - jmeter.threads.JMeterThread: Thread is done: Thread Group 1-1 
2017/03/03 08:41:25 INFO  - jmeter.threads.JMeterThread: Thread finished: Thread Group 1-1 
2017/03/03 08:41:26 INFO  - jmeter.threads.JMeterThread: Thread started: Thread Group 2-3 
2017/03/03 08:41:26 INFO  - jmeter.threads.JMeterThread: Thread is done: Thread Group 2-3 
2017/03/03 08:41:26 INFO  - jmeter.threads.JMeterThread: Thread finished: Thread Group 2-3 
2017/03/03 08:41:26 INFO  - jmeter.threads.JMeterThread: Thread started: Thread Group 2-4 
2017/03/03 08:41:26 INFO  - jmeter.threads.JMeterThread: Thread is done: Thread Group 2-4 
2017/03/03 08:41:26 INFO  - jmeter.threads.JMeterThread: Thread finished: Thread Group 2-4 
2017/03/03 08:41:26 INFO  - jmeter.threads.JMeterThread: Thread started: Thread Group 2-5 
2017/03/03 08:41:26 INFO  - jmeter.threads.JMeterThread: Thread is done: Thread Group 2-5 
2017/03/03 08:41:26 INFO  - jmeter.threads.JMeterThread: Thread finished: Thread Group 2-5 
2017/03/03 08:41:26 INFO  - jmeter.engine.StandardJMeterEngine: Notifying test listeners of end of test 
2017/03/03 08:41:26 INFO  - jmeter.gui.util.JMeterMenuBar: setRunning(false,*local*) 
2017/03/03 08:41:37 INFO  - jmeter.engine.StandardJMeterEngine: Running the test! 
2017/03/03 08:41:37 INFO  - jmeter.samplers.SampleEvent: List of sample_variables: [] 
2017/03/03 08:41:37 INFO  - jmeter.gui.util.JMeterMenuBar: setRunning(true,*local*) 
2017/03/03 08:41:37 INFO  - jmeter.engine.StandardJMeterEngine: Starting ThreadGroup: 1 : Thread Group 
2017/03/03 08:41:37 INFO  - jmeter.engine.StandardJMeterEngine: Starting 1 threads for group Thread Group. 
2017/03/03 08:41:37 INFO  - jmeter.engine.StandardJMeterEngine: Thread will continue on error 
2017/03/03 08:41:37 INFO  - jmeter.threads.ThreadGroup: Starting thread group number 1 threads 1 ramp-up 1 perThread 1000.0 delayedStart=false 
2017/03/03 08:41:37 INFO  - jmeter.threads.ThreadGroup: Started thread group number 1 
2017/03/03 08:41:37 INFO  - jmeter.engine.StandardJMeterEngine: Starting ThreadGroup: 2 : Thread Group 
2017/03/03 08:41:37 INFO  - jmeter.engine.StandardJMeterEngine: Starting 5 threads for group Thread Group. 
2017/03/03 08:41:37 INFO  - jmeter.engine.StandardJMeterEngine: Thread will continue on error 
2017/03/03 08:41:37 INFO  - jmeter.threads.ThreadGroup: Starting thread group number 2 threads 5 ramp-up 1 perThread 200.0 delayedStart=false 
2017/03/03 08:41:37 INFO  - jmeter.threads.JMeterThread: Thread started: Thread Group 1-1 
2017/03/03 08:41:37 INFO  - jmeter.threads.JMeterThread: Thread started: Thread Group 2-1 
2017/03/03 08:41:37 INFO  - jmeter.threads.ThreadGroup: Started thread group number 2 
2017/03/03 08:41:37 INFO  - jmeter.engine.StandardJMeterEngine: All thread groups have been started 
2017/03/03 08:41:37 INFO  - jmeter.threads.JMeterThread: Thread is done: Thread Group 1-1 
2017/03/03 08:41:37 INFO  - jmeter.threads.JMeterThread: Thread finished: Thread Group 1-1 
2017/03/03 08:41:37 INFO  - jmeter.threads.JMeterThread: Thread started: Thread Group 2-2 
2017/03/03 08:41:38 INFO  - jmeter.threads.JMeterThread: Thread started: Thread Group 2-3 
2017/03/03 08:41:38 INFO  - jmeter.threads.JMeterThread: Thread started: Thread Group 2-4 
2017/03/03 08:41:38 INFO  - jmeter.threads.JMeterThread: Thread started: Thread Group 2-5 
2017/03/03 08:41:40 INFO  - jmeter.threads.JMeterThread: Thread is done: Thread Group 2-1 
2017/03/03 08:41:40 INFO  - jmeter.threads.JMeterThread: Thread finished: Thread Group 2-1 
2017/03/03 08:41:40 INFO  - jmeter.threads.JMeterThread: Thread is done: Thread Group 2-3 
2017/03/03 08:41:40 INFO  - jmeter.threads.JMeterThread: Thread finished: Thread Group 2-3 
2017/03/03 08:41:40 INFO  - jmeter.threads.JMeterThread: Thread is done: Thread Group 2-4 
2017/03/03 08:41:40 INFO  - jmeter.threads.JMeterThread: Thread finished: Thread Group 2-4 
2017/03/03 08:41:40 INFO  - jmeter.threads.JMeterThread: Thread is done: Thread Group 2-2 
2017/03/03 08:41:40 INFO  - jmeter.threads.JMeterThread: Thread finished: Thread Group 2-2 
2017/03/03 08:41:40 INFO  - jmeter.threads.JMeterThread: Thread is done: Thread Group 2-5 
2017/03/03 08:41:40 INFO  - jmeter.threads.JMeterThread: Thread finished: Thread Group 2-5 
2017/03/03 08:41:40 INFO  - jmeter.engine.StandardJMeterEngine: Notifying test listeners of end of test 
2017/03/03 08:41:40 INFO  - jmeter.gui.util.JMeterMenuBar: setRunning(false,*local*) 
2017/03/03 08:42:40 INFO  - jmeter.engine.StandardJMeterEngine: Running the test! 
2017/03/03 08:42:40 INFO  - jmeter.samplers.SampleEvent: List of sample_variables: [] 
2017/03/03 08:42:40 INFO  - jmeter.gui.util.JMeterMenuBar: setRunning(true,*local*) 
2017/03/03 08:42:40 INFO  - jmeter.engine.StandardJMeterEngine: Starting ThreadGroup: 1 : Thread Group 
2017/03/03 08:42:40 INFO  - jmeter.engine.StandardJMeterEngine: Starting 1 threads for group Thread Group. 
2017/03/03 08:42:40 INFO  - jmeter.engine.StandardJMeterEngine: Thread will continue on error 
2017/03/03 08:42:40 INFO  - jmeter.threads.ThreadGroup: Starting thread group number 1 threads 1 ramp-up 1 perThread 1000.0 delayedStart=false 
2017/03/03 08:42:40 INFO  - jmeter.threads.ThreadGroup: Started thread group number 1 
2017/03/03 08:42:40 INFO  - jmeter.engine.StandardJMeterEngine: Starting ThreadGroup: 2 : Thread Group 
2017/03/03 08:42:40 INFO  - jmeter.engine.StandardJMeterEngine: Starting 5 threads for group Thread Group. 
2017/03/03 08:42:40 INFO  - jmeter.engine.StandardJMeterEngine: Thread will continue on error 
2017/03/03 08:42:40 INFO  - jmeter.threads.ThreadGroup: Starting thread group number 2 threads 5 ramp-up 1 perThread 200.0 delayedStart=false 
2017/03/03 08:42:40 INFO  - jmeter.threads.JMeterThread: Thread started: Thread Group 1-1 
2017/03/03 08:42:40 INFO  - jmeter.threads.JMeterThread: Thread started: Thread Group 2-1 
2017/03/03 08:42:40 INFO  - jmeter.threads.ThreadGroup: Started thread group number 2 
2017/03/03 08:42:40 INFO  - jmeter.engine.StandardJMeterEngine: All thread groups have been started 
2017/03/03 08:42:41 INFO  - jmeter.threads.JMeterThread: Thread started: Thread Group 2-2 
2017/03/03 08:42:41 INFO  - jmeter.threads.JMeterThread: Thread is done: Thread Group 2-1 
2017/03/03 08:42:41 INFO  - jmeter.threads.JMeterThread: Thread finished: Thread Group 2-1 
2017/03/03 08:42:41 INFO  - jmeter.threads.JMeterThread: Thread is done: Thread Group 1-1 
2017/03/03 08:42:41 INFO  - jmeter.threads.JMeterThread: Thread finished: Thread Group 1-1 
2017/03/03 08:42:41 INFO  - jmeter.threads.JMeterThread: Thread is done: Thread Group 2-2 
2017/03/03 08:42:41 INFO  - jmeter.threads.JMeterThread: Thread finished: Thread Group 2-2 
2017/03/03 08:42:41 INFO  - jmeter.threads.JMeterThread: Thread started: Thread Group 2-3 
2017/03/03 08:42:41 INFO  - jmeter.threads.JMeterThread: Thread is done: Thread Group 2-3 
2017/03/03 08:42:41 INFO  - jmeter.threads.JMeterThread: Thread finished: Thread Group 2-3 
2017/03/03 08:42:41 INFO  - jmeter.threads.JMeterThread: Thread started: Thread Group 2-4 
2017/03/03 08:42:41 INFO  - jmeter.threads.JMeterThread: Thread is done: Thread Group 2-4 
2017/03/03 08:42:41 INFO  - jmeter.threads.JMeterThread: Thread finished: Thread Group 2-4 
2017/03/03 08:42:41 INFO  - jmeter.threads.JMeterThread: Thread started: Thread Group 2-5 
2017/03/03 08:42:42 INFO  - jmeter.threads.JMeterThread: Thread is done: Thread Group 2-5 
2017/03/03 08:42:42 INFO  - jmeter.threads.JMeterThread: Thread finished: Thread Group 2-5 
2017/03/03 08:42:42 INFO  - jmeter.engine.StandardJMeterEngine: Notifying test listeners of end of test 
2017/03/03 08:42:42 INFO  - jmeter.gui.util.JMeterMenuBar: setRunning(false,*local*) 
2017/03/03 08:43:27 INFO  - jmeter.engine.StandardJMeterEngine: Running the test! 
2017/03/03 08:43:27 INFO  - jmeter.samplers.SampleEvent: List of sample_variables: [] 
2017/03/03 08:43:27 INFO  - jmeter.gui.util.JMeterMenuBar: setRunning(true,*local*) 
2017/03/03 08:43:27 INFO  - jmeter.engine.StandardJMeterEngine: Starting ThreadGroup: 1 : Thread Group 
2017/03/03 08:43:27 INFO  - jmeter.engine.StandardJMeterEngine: Starting 1 threads for group Thread Group. 
2017/03/03 08:43:27 INFO  - jmeter.engine.StandardJMeterEngine: Thread will continue on error 
2017/03/03 08:43:27 INFO  - jmeter.threads.ThreadGroup: Starting thread group number 1 threads 1 ramp-up 1 perThread 1000.0 delayedStart=false 
2017/03/03 08:43:27 INFO  - jmeter.threads.ThreadGroup: Started thread group number 1 
2017/03/03 08:43:27 INFO  - jmeter.engine.StandardJMeterEngine: Starting ThreadGroup: 2 : Thread Group 
2017/03/03 08:43:27 INFO  - jmeter.engine.StandardJMeterEngine: Starting 5 threads for group Thread Group. 
2017/03/03 08:43:27 INFO  - jmeter.engine.StandardJMeterEngine: Thread will continue on error 
2017/03/03 08:43:27 INFO  - jmeter.threads.ThreadGroup: Starting thread group number 2 threads 5 ramp-up 1 perThread 200.0 delayedStart=false 
2017/03/03 08:43:27 INFO  - jmeter.threads.JMeterThread: Thread started: Thread Group 1-1 
2017/03/03 08:43:27 INFO  - jmeter.threads.JMeterThread: Thread started: Thread Group 2-1 
2017/03/03 08:43:27 INFO  - jmeter.threads.ThreadGroup: Started thread group number 2 
2017/03/03 08:43:27 INFO  - jmeter.engine.StandardJMeterEngine: All thread groups have been started 
2017/03/03 08:43:27 INFO  - jmeter.threads.JMeterThread: Thread is done: Thread Group 2-1 
2017/03/03 08:43:27 INFO  - jmeter.threads.JMeterThread: Thread finished: Thread Group 2-1 
2017/03/03 08:43:27 ERROR - jmeter.util.BeanShellInterpreter: Error invoking bsh method: eval	In file: inline evaluation of: ``String [] items = vars.get("name_ALL").split(","); int s = Integer.parseInt( var . . . '' Encountered "System" at line 26, column 1.
 
2017/03/03 08:43:27 WARN  - jmeter.extractor.BeanShellPostProcessor: Problem in BeanShell script org.apache.jorphan.util.JMeterException: Error invoking bsh method: eval	In file: inline evaluation of: ``String [] items = vars.get("name_ALL").split(","); int s = Integer.parseInt( var . . . '' Encountered "System" at line 26, column 1.
 
2017/03/03 08:43:27 INFO  - jmeter.threads.JMeterThread: Thread is done: Thread Group 1-1 
2017/03/03 08:43:27 INFO  - jmeter.threads.JMeterThread: Thread finished: Thread Group 1-1 
2017/03/03 08:43:27 INFO  - jmeter.threads.JMeterThread: Thread started: Thread Group 2-2 
2017/03/03 08:43:27 INFO  - jmeter.threads.JMeterThread: Thread is done: Thread Group 2-2 
2017/03/03 08:43:27 INFO  - jmeter.threads.JMeterThread: Thread finished: Thread Group 2-2 
2017/03/03 08:43:27 INFO  - jmeter.threads.JMeterThread: Thread started: Thread Group 2-3 
2017/03/03 08:43:27 INFO  - jmeter.threads.JMeterThread: Thread is done: Thread Group 2-3 
2017/03/03 08:43:27 INFO  - jmeter.threads.JMeterThread: Thread finished: Thread Group 2-3 
2017/03/03 08:43:27 INFO  - jmeter.threads.JMeterThread: Thread started: Thread Group 2-4 
2017/03/03 08:43:27 INFO  - jmeter.threads.JMeterThread: Thread is done: Thread Group 2-4 
2017/03/03 08:43:27 INFO  - jmeter.threads.JMeterThread: Thread finished: Thread Group 2-4 
2017/03/03 08:43:28 INFO  - jmeter.threads.JMeterThread: Thread started: Thread Group 2-5 
2017/03/03 08:43:28 INFO  - jmeter.threads.JMeterThread: Thread is done: Thread Group 2-5 
2017/03/03 08:43:28 INFO  - jmeter.threads.JMeterThread: Thread finished: Thread Group 2-5 
2017/03/03 08:43:28 INFO  - jmeter.engine.StandardJMeterEngine: Notifying test listeners of end of test 
2017/03/03 08:43:28 INFO  - jmeter.gui.util.JMeterMenuBar: setRunning(false,*local*) 
2017/03/03 08:43:41 INFO  - jmeter.engine.StandardJMeterEngine: Running the test! 
2017/03/03 08:43:41 INFO  - jmeter.samplers.SampleEvent: List of sample_variables: [] 
2017/03/03 08:43:41 INFO  - jmeter.gui.util.JMeterMenuBar: setRunning(true,*local*) 
2017/03/03 08:43:41 INFO  - jmeter.engine.StandardJMeterEngine: Starting ThreadGroup: 1 : Thread Group 
2017/03/03 08:43:41 INFO  - jmeter.engine.StandardJMeterEngine: Starting 1 threads for group Thread Group. 
2017/03/03 08:43:41 INFO  - jmeter.engine.StandardJMeterEngine: Thread will continue on error 
2017/03/03 08:43:41 INFO  - jmeter.threads.ThreadGroup: Starting thread group number 1 threads 1 ramp-up 1 perThread 1000.0 delayedStart=false 
2017/03/03 08:43:41 INFO  - jmeter.threads.ThreadGroup: Started thread group number 1 
2017/03/03 08:43:41 INFO  - jmeter.engine.StandardJMeterEngine: Starting ThreadGroup: 2 : Thread Group 
2017/03/03 08:43:41 INFO  - jmeter.engine.StandardJMeterEngine: Starting 5 threads for group Thread Group. 
2017/03/03 08:43:41 INFO  - jmeter.engine.StandardJMeterEngine: Thread will continue on error 
2017/03/03 08:43:41 INFO  - jmeter.threads.ThreadGroup: Starting thread group number 2 threads 5 ramp-up 1 perThread 200.0 delayedStart=false 
2017/03/03 08:43:41 INFO  - jmeter.threads.JMeterThread: Thread started: Thread Group 1-1 
2017/03/03 08:43:41 INFO  - jmeter.threads.JMeterThread: Thread started: Thread Group 2-1 
2017/03/03 08:43:41 INFO  - jmeter.threads.ThreadGroup: Started thread group number 2 
2017/03/03 08:43:41 INFO  - jmeter.engine.StandardJMeterEngine: All thread groups have been started 
2017/03/03 08:43:41 INFO  - jmeter.threads.JMeterThread: Thread is done: Thread Group 2-1 
2017/03/03 08:43:41 INFO  - jmeter.threads.JMeterThread: Thread finished: Thread Group 2-1 
2017/03/03 08:43:41 INFO  - jmeter.threads.JMeterThread: Thread is done: Thread Group 1-1 
2017/03/03 08:43:41 INFO  - jmeter.threads.JMeterThread: Thread finished: Thread Group 1-1 
2017/03/03 08:43:41 INFO  - jmeter.threads.JMeterThread: Thread started: Thread Group 2-2 
2017/03/03 08:43:41 INFO  - jmeter.threads.JMeterThread: Thread is done: Thread Group 2-2 
2017/03/03 08:43:41 INFO  - jmeter.threads.JMeterThread: Thread finished: Thread Group 2-2 
2017/03/03 08:43:41 INFO  - jmeter.threads.JMeterThread: Thread started: Thread Group 2-3 
2017/03/03 08:43:41 INFO  - jmeter.threads.JMeterThread: Thread is done: Thread Group 2-3 
2017/03/03 08:43:41 INFO  - jmeter.threads.JMeterThread: Thread finished: Thread Group 2-3 
2017/03/03 08:43:41 INFO  - jmeter.threads.JMeterThread: Thread started: Thread Group 2-4 
2017/03/03 08:43:42 INFO  - jmeter.threads.JMeterThread: Thread is done: Thread Group 2-4 
2017/03/03 08:43:42 INFO  - jmeter.threads.JMeterThread: Thread finished: Thread Group 2-4 
2017/03/03 08:43:42 INFO  - jmeter.threads.JMeterThread: Thread started: Thread Group 2-5 
2017/03/03 08:43:42 INFO  - jmeter.threads.JMeterThread: Thread is done: Thread Group 2-5 
2017/03/03 08:43:42 INFO  - jmeter.threads.JMeterThread: Thread finished: Thread Group 2-5 
2017/03/03 08:43:42 INFO  - jmeter.engine.StandardJMeterEngine: Notifying test listeners of end of test 
2017/03/03 08:43:42 INFO  - jmeter.gui.util.JMeterMenuBar: setRunning(false,*local*) 
2017/03/03 08:44:01 INFO  - jmeter.engine.StandardJMeterEngine: Running the test! 
2017/03/03 08:44:01 INFO  - jmeter.samplers.SampleEvent: List of sample_variables: [] 
2017/03/03 08:44:01 INFO  - jmeter.gui.util.JMeterMenuBar: setRunning(true,*local*) 
2017/03/03 08:44:01 INFO  - jmeter.engine.StandardJMeterEngine: Starting ThreadGroup: 1 : Thread Group 
2017/03/03 08:44:01 INFO  - jmeter.engine.StandardJMeterEngine: Starting 1 threads for group Thread Group. 
2017/03/03 08:44:01 INFO  - jmeter.engine.StandardJMeterEngine: Thread will continue on error 
2017/03/03 08:44:01 INFO  - jmeter.threads.ThreadGroup: Starting thread group number 1 threads 1 ramp-up 1 perThread 1000.0 delayedStart=false 
2017/03/03 08:44:01 INFO  - jmeter.threads.ThreadGroup: Started thread group number 1 
2017/03/03 08:44:01 INFO  - jmeter.engine.StandardJMeterEngine: Starting ThreadGroup: 2 : Thread Group 
2017/03/03 08:44:01 INFO  - jmeter.engine.StandardJMeterEngine: Starting 5 threads for group Thread Group. 
2017/03/03 08:44:01 INFO  - jmeter.engine.StandardJMeterEngine: Thread will continue on error 
2017/03/03 08:44:01 INFO  - jmeter.threads.ThreadGroup: Starting thread group number 2 threads 5 ramp-up 1 perThread 200.0 delayedStart=false 
2017/03/03 08:44:01 INFO  - jmeter.threads.JMeterThread: Thread started: Thread Group 1-1 
2017/03/03 08:44:01 INFO  - jmeter.threads.JMeterThread: Thread started: Thread Group 2-1 
2017/03/03 08:44:01 INFO  - jmeter.threads.ThreadGroup: Started thread group number 2 
2017/03/03 08:44:01 INFO  - jmeter.engine.StandardJMeterEngine: All thread groups have been started 
2017/03/03 08:44:01 INFO  - jmeter.threads.JMeterThread: Thread is done: Thread Group 2-1 
2017/03/03 08:44:01 INFO  - jmeter.threads.JMeterThread: Thread finished: Thread Group 2-1 
2017/03/03 08:44:02 INFO  - jmeter.threads.JMeterThread: Thread started: Thread Group 2-2 
2017/03/03 08:44:02 INFO  - jmeter.threads.JMeterThread: Thread is done: Thread Group 1-1 
2017/03/03 08:44:02 INFO  - jmeter.threads.JMeterThread: Thread finished: Thread Group 1-1 
2017/03/03 08:44:02 INFO  - jmeter.threads.JMeterThread: Thread is done: Thread Group 2-2 
2017/03/03 08:44:02 INFO  - jmeter.threads.JMeterThread: Thread finished: Thread Group 2-2 
2017/03/03 08:44:02 INFO  - jmeter.threads.JMeterThread: Thread started: Thread Group 2-3 
2017/03/03 08:44:02 INFO  - jmeter.threads.JMeterThread: Thread is done: Thread Group 2-3 
2017/03/03 08:44:02 INFO  - jmeter.threads.JMeterThread: Thread finished: Thread Group 2-3 
2017/03/03 08:44:02 INFO  - jmeter.threads.JMeterThread: Thread started: Thread Group 2-4 
2017/03/03 08:44:02 INFO  - jmeter.threads.JMeterThread: Thread is done: Thread Group 2-4 
2017/03/03 08:44:02 INFO  - jmeter.threads.JMeterThread: Thread finished: Thread Group 2-4 
2017/03/03 08:44:02 INFO  - jmeter.threads.JMeterThread: Thread started: Thread Group 2-5 
2017/03/03 08:44:02 INFO  - jmeter.threads.JMeterThread: Thread is done: Thread Group 2-5 
2017/03/03 08:44:02 INFO  - jmeter.threads.JMeterThread: Thread finished: Thread Group 2-5 
2017/03/03 08:44:02 INFO  - jmeter.engine.StandardJMeterEngine: Notifying test listeners of end of test 
2017/03/03 08:44:02 INFO  - jmeter.gui.util.JMeterMenuBar: setRunning(false,*local*) 
2017/03/03 08:48:50 INFO  - jmeter.engine.StandardJMeterEngine: Running the test! 
2017/03/03 08:48:50 INFO  - jmeter.samplers.SampleEvent: List of sample_variables: [] 
2017/03/03 08:48:50 INFO  - jmeter.gui.util.JMeterMenuBar: setRunning(true,*local*) 
2017/03/03 08:48:50 INFO  - jmeter.engine.StandardJMeterEngine: Starting ThreadGroup: 1 : Thread Group 
2017/03/03 08:48:50 INFO  - jmeter.engine.StandardJMeterEngine: Starting 1 threads for group Thread Group. 
2017/03/03 08:48:50 INFO  - jmeter.engine.StandardJMeterEngine: Thread will continue on error 
2017/03/03 08:48:50 INFO  - jmeter.threads.ThreadGroup: Starting thread group number 1 threads 1 ramp-up 1 perThread 1000.0 delayedStart=false 
2017/03/03 08:48:50 INFO  - jmeter.threads.ThreadGroup: Started thread group number 1 
2017/03/03 08:48:50 INFO  - jmeter.engine.StandardJMeterEngine: Starting ThreadGroup: 2 : Thread Group 
2017/03/03 08:48:50 INFO  - jmeter.engine.StandardJMeterEngine: Starting 5 threads for group Thread Group. 
2017/03/03 08:48:50 INFO  - jmeter.engine.StandardJMeterEngine: Thread will continue on error 
2017/03/03 08:48:50 INFO  - jmeter.threads.ThreadGroup: Starting thread group number 2 threads 5 ramp-up 1 perThread 200.0 delayedStart=false 
2017/03/03 08:48:50 INFO  - jmeter.threads.JMeterThread: Thread started: Thread Group 1-1 
2017/03/03 08:48:50 INFO  - jmeter.threads.JMeterThread: Thread started: Thread Group 2-1 
2017/03/03 08:48:50 INFO  - jmeter.threads.ThreadGroup: Started thread group number 2 
2017/03/03 08:48:50 INFO  - jmeter.engine.StandardJMeterEngine: All thread groups have been started 
2017/03/03 08:48:51 INFO  - jmeter.threads.JMeterThread: Thread is done: Thread Group 2-1 
2017/03/03 08:48:51 INFO  - jmeter.threads.JMeterThread: Thread finished: Thread Group 2-1 
2017/03/03 08:48:51 INFO  - jmeter.threads.JMeterThread: Thread is done: Thread Group 1-1 
2017/03/03 08:48:51 INFO  - jmeter.threads.JMeterThread: Thread finished: Thread Group 1-1 
2017/03/03 08:48:51 INFO  - jmeter.threads.JMeterThread: Thread started: Thread Group 2-2 
2017/03/03 08:48:51 INFO  - jmeter.threads.JMeterThread: Thread is done: Thread Group 2-2 
2017/03/03 08:48:51 INFO  - jmeter.threads.JMeterThread: Thread finished: Thread Group 2-2 
2017/03/03 08:48:51 INFO  - jmeter.threads.JMeterThread: Thread started: Thread Group 2-3 
2017/03/03 08:48:51 INFO  - jmeter.threads.JMeterThread: Thread is done: Thread Group 2-3 
2017/03/03 08:48:51 INFO  - jmeter.threads.JMeterThread: Thread finished: Thread Group 2-3 
2017/03/03 08:48:51 INFO  - jmeter.threads.JMeterThread: Thread started: Thread Group 2-4 
2017/03/03 08:48:51 INFO  - jmeter.threads.JMeterThread: Thread is done: Thread Group 2-4 
2017/03/03 08:48:51 INFO  - jmeter.threads.JMeterThread: Thread finished: Thread Group 2-4 
2017/03/03 08:48:51 INFO  - jmeter.threads.JMeterThread: Thread started: Thread Group 2-5 
2017/03/03 08:48:51 INFO  - jmeter.threads.JMeterThread: Thread is done: Thread Group 2-5 
2017/03/03 08:48:51 INFO  - jmeter.threads.JMeterThread: Thread finished: Thread Group 2-5 
2017/03/03 08:48:51 INFO  - jmeter.engine.StandardJMeterEngine: Notifying test listeners of end of test 
2017/03/03 08:48:51 INFO  - jmeter.gui.util.JMeterMenuBar: setRunning(false,*local*) 
2017/03/03 08:49:27 INFO  - jmeter.engine.StandardJMeterEngine: Running the test! 
2017/03/03 08:49:27 INFO  - jmeter.samplers.SampleEvent: List of sample_variables: [] 
2017/03/03 08:49:27 INFO  - jmeter.gui.util.JMeterMenuBar: setRunning(true,*local*) 
2017/03/03 08:49:27 INFO  - jmeter.engine.StandardJMeterEngine: Starting ThreadGroup: 1 : Thread Group 
2017/03/03 08:49:27 INFO  - jmeter.engine.StandardJMeterEngine: Starting 1 threads for group Thread Group. 
2017/03/03 08:49:27 INFO  - jmeter.engine.StandardJMeterEngine: Thread will continue on error 
2017/03/03 08:49:27 INFO  - jmeter.threads.ThreadGroup: Starting thread group number 1 threads 1 ramp-up 1 perThread 1000.0 delayedStart=false 
2017/03/03 08:49:27 INFO  - jmeter.threads.ThreadGroup: Started thread group number 1 
2017/03/03 08:49:27 INFO  - jmeter.engine.StandardJMeterEngine: Starting ThreadGroup: 2 : Thread Group 
2017/03/03 08:49:27 INFO  - jmeter.engine.StandardJMeterEngine: Starting 5 threads for group Thread Group. 
2017/03/03 08:49:27 INFO  - jmeter.engine.StandardJMeterEngine: Thread will continue on error 
2017/03/03 08:49:27 INFO  - jmeter.threads.ThreadGroup: Starting thread group number 2 threads 5 ramp-up 1 perThread 200.0 delayedStart=false 
2017/03/03 08:49:27 INFO  - jmeter.threads.JMeterThread: Thread started: Thread Group 1-1 
2017/03/03 08:49:27 INFO  - jmeter.threads.JMeterThread: Thread started: Thread Group 2-1 
2017/03/03 08:49:27 INFO  - jmeter.threads.ThreadGroup: Started thread group number 2 
2017/03/03 08:49:27 INFO  - jmeter.engine.StandardJMeterEngine: All thread groups have been started 
2017/03/03 08:49:27 INFO  - jmeter.threads.JMeterThread: Thread is done: Thread Group 2-1 
2017/03/03 08:49:27 INFO  - jmeter.threads.JMeterThread: Thread finished: Thread Group 2-1 
2017/03/03 08:49:27 INFO  - jmeter.threads.JMeterThread: Thread is done: Thread Group 1-1 
2017/03/03 08:49:27 INFO  - jmeter.threads.JMeterThread: Thread finished: Thread Group 1-1 
2017/03/03 08:49:27 INFO  - jmeter.threads.JMeterThread: Thread started: Thread Group 2-2 
2017/03/03 08:49:27 INFO  - jmeter.threads.JMeterThread: Thread is done: Thread Group 2-2 
2017/03/03 08:49:27 INFO  - jmeter.threads.JMeterThread: Thread finished: Thread Group 2-2 
2017/03/03 08:49:27 INFO  - jmeter.threads.JMeterThread: Thread started: Thread Group 2-3 
2017/03/03 08:49:27 INFO  - jmeter.threads.JMeterThread: Thread is done: Thread Group 2-3 
2017/03/03 08:49:27 INFO  - jmeter.threads.JMeterThread: Thread finished: Thread Group 2-3 
2017/03/03 08:49:27 INFO  - jmeter.threads.JMeterThread: Thread started: Thread Group 2-4 
2017/03/03 08:49:28 INFO  - jmeter.threads.JMeterThread: Thread is done: Thread Group 2-4 
2017/03/03 08:49:28 INFO  - jmeter.threads.JMeterThread: Thread finished: Thread Group 2-4 
2017/03/03 08:49:28 INFO  - jmeter.threads.JMeterThread: Thread started: Thread Group 2-5 
2017/03/03 08:49:28 INFO  - jmeter.threads.JMeterThread: Thread is done: Thread Group 2-5 
2017/03/03 08:49:28 INFO  - jmeter.threads.JMeterThread: Thread finished: Thread Group 2-5 
2017/03/03 08:49:28 INFO  - jmeter.engine.StandardJMeterEngine: Notifying test listeners of end of test 
2017/03/03 08:49:28 INFO  - jmeter.gui.util.JMeterMenuBar: setRunning(false,*local*) 
2017/03/03 08:53:56 INFO  - jmeter.engine.StandardJMeterEngine: Running the test! 
2017/03/03 08:53:56 INFO  - jmeter.samplers.SampleEvent: List of sample_variables: [] 
2017/03/03 08:53:56 INFO  - jmeter.gui.util.JMeterMenuBar: setRunning(true,*local*) 
2017/03/03 08:53:56 INFO  - jmeter.engine.StandardJMeterEngine: Starting ThreadGroup: 1 : Thread Group 
2017/03/03 08:53:56 INFO  - jmeter.engine.StandardJMeterEngine: Starting 1 threads for group Thread Group. 
2017/03/03 08:53:56 INFO  - jmeter.engine.StandardJMeterEngine: Thread will continue on error 
2017/03/03 08:53:56 INFO  - jmeter.threads.ThreadGroup: Starting thread group number 1 threads 1 ramp-up 1 perThread 1000.0 delayedStart=false 
2017/03/03 08:53:56 INFO  - jmeter.threads.ThreadGroup: Started thread group number 1 
2017/03/03 08:53:56 INFO  - jmeter.engine.StandardJMeterEngine: Starting ThreadGroup: 2 : Thread Group 
2017/03/03 08:53:56 INFO  - jmeter.engine.StandardJMeterEngine: Starting 5 threads for group Thread Group. 
2017/03/03 08:53:56 INFO  - jmeter.engine.StandardJMeterEngine: Thread will continue on error 
2017/03/03 08:53:56 INFO  - jmeter.threads.ThreadGroup: Starting thread group number 2 threads 5 ramp-up 1 perThread 200.0 delayedStart=false 
2017/03/03 08:53:56 INFO  - jmeter.threads.JMeterThread: Thread started: Thread Group 1-1 
2017/03/03 08:53:56 INFO  - jmeter.threads.JMeterThread: Thread started: Thread Group 2-1 
2017/03/03 08:53:56 INFO  - jmeter.threads.ThreadGroup: Started thread group number 2 
2017/03/03 08:53:56 INFO  - jmeter.engine.StandardJMeterEngine: All thread groups have been started 
2017/03/03 08:53:56 INFO  - jmeter.threads.JMeterThread: Thread is done: Thread Group 2-1 
2017/03/03 08:53:56 INFO  - jmeter.threads.JMeterThread: Thread finished: Thread Group 2-1 
2017/03/03 08:53:56 INFO  - jmeter.threads.JMeterThread: Thread is done: Thread Group 1-1 
2017/03/03 08:53:56 INFO  - jmeter.threads.JMeterThread: Thread finished: Thread Group 1-1 
2017/03/03 08:53:56 INFO  - jmeter.threads.JMeterThread: Thread started: Thread Group 2-2 
2017/03/03 08:53:56 INFO  - jmeter.threads.JMeterThread: Thread is done: Thread Group 2-2 
2017/03/03 08:53:56 INFO  - jmeter.threads.JMeterThread: Thread finished: Thread Group 2-2 
2017/03/03 08:53:56 INFO  - jmeter.threads.JMeterThread: Thread started: Thread Group 2-3 
2017/03/03 08:53:57 INFO  - jmeter.threads.JMeterThread: Thread is done: Thread Group 2-3 
2017/03/03 08:53:57 INFO  - jmeter.threads.JMeterThread: Thread finished: Thread Group 2-3 
2017/03/03 08:53:57 INFO  - jmeter.threads.JMeterThread: Thread started: Thread Group 2-4 
2017/03/03 08:53:57 INFO  - jmeter.threads.JMeterThread: Thread is done: Thread Group 2-4 
2017/03/03 08:53:57 INFO  - jmeter.threads.JMeterThread: Thread finished: Thread Group 2-4 
2017/03/03 08:53:57 INFO  - jmeter.threads.JMeterThread: Thread started: Thread Group 2-5 
2017/03/03 08:53:57 INFO  - jmeter.threads.JMeterThread: Thread is done: Thread Group 2-5 
2017/03/03 08:53:57 INFO  - jmeter.threads.JMeterThread: Thread finished: Thread Group 2-5 
2017/03/03 08:53:57 INFO  - jmeter.engine.StandardJMeterEngine: Notifying test listeners of end of test 
2017/03/03 08:53:57 INFO  - jmeter.gui.util.JMeterMenuBar: setRunning(false,*local*) 
2017/03/03 08:55:12 INFO  - jmeter.engine.StandardJMeterEngine: Running the test! 
2017/03/03 08:55:12 INFO  - jmeter.samplers.SampleEvent: List of sample_variables: [] 
2017/03/03 08:55:12 INFO  - jmeter.gui.util.JMeterMenuBar: setRunning(true,*local*) 
2017/03/03 08:55:12 INFO  - jmeter.engine.StandardJMeterEngine: Starting ThreadGroup: 1 : Thread Group 
2017/03/03 08:55:12 INFO  - jmeter.engine.StandardJMeterEngine: Starting 1 threads for group Thread Group. 
2017/03/03 08:55:12 INFO  - jmeter.engine.StandardJMeterEngine: Thread will continue on error 
2017/03/03 08:55:12 INFO  - jmeter.threads.ThreadGroup: Starting thread group number 1 threads 1 ramp-up 1 perThread 1000.0 delayedStart=false 
2017/03/03 08:55:12 INFO  - jmeter.threads.ThreadGroup: Started thread group number 1 
2017/03/03 08:55:12 INFO  - jmeter.engine.StandardJMeterEngine: Starting ThreadGroup: 2 : Thread Group 
2017/03/03 08:55:12 INFO  - jmeter.engine.StandardJMeterEngine: Starting 5 threads for group Thread Group. 
2017/03/03 08:55:12 INFO  - jmeter.engine.StandardJMeterEngine: Thread will continue on error 
2017/03/03 08:55:12 INFO  - jmeter.threads.ThreadGroup: Starting thread group number 2 threads 5 ramp-up 1 perThread 200.0 delayedStart=false 
2017/03/03 08:55:12 INFO  - jmeter.threads.JMeterThread: Thread started: Thread Group 1-1 
2017/03/03 08:55:12 INFO  - jmeter.threads.JMeterThread: Thread started: Thread Group 2-1 
2017/03/03 08:55:12 INFO  - jmeter.threads.ThreadGroup: Started thread group number 2 
2017/03/03 08:55:12 INFO  - jmeter.engine.StandardJMeterEngine: All thread groups have been started 
2017/03/03 08:55:12 INFO  - jmeter.threads.JMeterThread: Thread is done: Thread Group 2-1 
2017/03/03 08:55:12 INFO  - jmeter.threads.JMeterThread: Thread finished: Thread Group 2-1 
2017/03/03 08:55:12 INFO  - jmeter.threads.JMeterThread: Thread is done: Thread Group 1-1 
2017/03/03 08:55:12 INFO  - jmeter.threads.JMeterThread: Thread finished: Thread Group 1-1 
2017/03/03 08:55:12 INFO  - jmeter.threads.JMeterThread: Thread started: Thread Group 2-2 
2017/03/03 08:55:12 INFO  - jmeter.threads.JMeterThread: Thread is done: Thread Group 2-2 
2017/03/03 08:55:12 INFO  - jmeter.threads.JMeterThread: Thread finished: Thread Group 2-2 
2017/03/03 08:55:13 INFO  - jmeter.threads.JMeterThread: Thread started: Thread Group 2-3 
2017/03/03 08:55:13 INFO  - jmeter.threads.JMeterThread: Thread is done: Thread Group 2-3 
2017/03/03 08:55:13 INFO  - jmeter.threads.JMeterThread: Thread finished: Thread Group 2-3 
2017/03/03 08:55:13 INFO  - jmeter.threads.JMeterThread: Thread started: Thread Group 2-4 
2017/03/03 08:55:13 INFO  - jmeter.threads.JMeterThread: Thread is done: Thread Group 2-4 
2017/03/03 08:55:13 INFO  - jmeter.threads.JMeterThread: Thread finished: Thread Group 2-4 
2017/03/03 08:55:13 INFO  - jmeter.threads.JMeterThread: Thread started: Thread Group 2-5 
2017/03/03 08:55:13 INFO  - jmeter.threads.JMeterThread: Thread is done: Thread Group 2-5 
2017/03/03 08:55:13 INFO  - jmeter.threads.JMeterThread: Thread finished: Thread Group 2-5 
2017/03/03 08:55:13 INFO  - jmeter.engine.StandardJMeterEngine: Notifying test listeners of end of test 
2017/03/03 08:55:13 INFO  - jmeter.gui.util.JMeterMenuBar: setRunning(false,*local*) 
2017/03/03 08:56:23 INFO  - jmeter.engine.StandardJMeterEngine: Running the test! 
2017/03/03 08:56:23 INFO  - jmeter.samplers.SampleEvent: List of sample_variables: [] 
2017/03/03 08:56:23 INFO  - jmeter.gui.util.JMeterMenuBar: setRunning(true,*local*) 
2017/03/03 08:56:23 INFO  - jmeter.engine.StandardJMeterEngine: Starting ThreadGroup: 1 : Thread Group 
2017/03/03 08:56:23 INFO  - jmeter.engine.StandardJMeterEngine: Starting 1 threads for group Thread Group. 
2017/03/03 08:56:23 INFO  - jmeter.engine.StandardJMeterEngine: Thread will continue on error 
2017/03/03 08:56:23 INFO  - jmeter.threads.ThreadGroup: Starting thread group number 1 threads 1 ramp-up 1 perThread 1000.0 delayedStart=false 
2017/03/03 08:56:23 INFO  - jmeter.threads.ThreadGroup: Started thread group number 1 
2017/03/03 08:56:23 INFO  - jmeter.engine.StandardJMeterEngine: Starting ThreadGroup: 2 : Thread Group 
2017/03/03 08:56:23 INFO  - jmeter.engine.StandardJMeterEngine: Starting 5 threads for group Thread Group. 
2017/03/03 08:56:23 INFO  - jmeter.engine.StandardJMeterEngine: Thread will continue on error 
2017/03/03 08:56:23 INFO  - jmeter.threads.ThreadGroup: Starting thread group number 2 threads 5 ramp-up 1 perThread 200.0 delayedStart=false 
2017/03/03 08:56:23 INFO  - jmeter.threads.JMeterThread: Thread started: Thread Group 1-1 
2017/03/03 08:56:23 INFO  - jmeter.threads.JMeterThread: Thread started: Thread Group 2-1 
2017/03/03 08:56:23 INFO  - jmeter.threads.ThreadGroup: Started thread group number 2 
2017/03/03 08:56:23 INFO  - jmeter.engine.StandardJMeterEngine: All thread groups have been started 
2017/03/03 08:56:23 INFO  - jmeter.threads.JMeterThread: Thread is done: Thread Group 2-1 
2017/03/03 08:56:23 INFO  - jmeter.threads.JMeterThread: Thread finished: Thread Group 2-1 
2017/03/03 08:56:23 INFO  - jmeter.threads.JMeterThread: Thread is done: Thread Group 1-1 
2017/03/03 08:56:23 INFO  - jmeter.threads.JMeterThread: Thread finished: Thread Group 1-1 
2017/03/03 08:56:23 INFO  - jmeter.threads.JMeterThread: Thread started: Thread Group 2-2 
2017/03/03 08:56:24 INFO  - jmeter.threads.JMeterThread: Thread is done: Thread Group 2-2 
2017/03/03 08:56:24 INFO  - jmeter.threads.JMeterThread: Thread finished: Thread Group 2-2 
2017/03/03 08:56:24 INFO  - jmeter.threads.JMeterThread: Thread started: Thread Group 2-3 
2017/03/03 08:56:24 INFO  - jmeter.threads.JMeterThread: Thread is done: Thread Group 2-3 
2017/03/03 08:56:24 INFO  - jmeter.threads.JMeterThread: Thread finished: Thread Group 2-3 
2017/03/03 08:56:24 INFO  - jmeter.threads.JMeterThread: Thread started: Thread Group 2-4 
2017/03/03 08:56:24 INFO  - jmeter.threads.JMeterThread: Thread is done: Thread Group 2-4 
2017/03/03 08:56:24 INFO  - jmeter.threads.JMeterThread: Thread finished: Thread Group 2-4 
2017/03/03 08:56:24 INFO  - jmeter.threads.JMeterThread: Thread started: Thread Group 2-5 
2017/03/03 08:56:24 INFO  - jmeter.threads.JMeterThread: Thread is done: Thread Group 2-5 
2017/03/03 08:56:24 INFO  - jmeter.threads.JMeterThread: Thread finished: Thread Group 2-5 
2017/03/03 08:56:24 INFO  - jmeter.engine.StandardJMeterEngine: Notifying test listeners of end of test 
2017/03/03 08:56:24 INFO  - jmeter.gui.util.JMeterMenuBar: setRunning(false,*local*) 
